D:\PROJECTS\ROBOTARMVIS\DLLPROJECT\KINECTDLL\X64\RELEASE\THREAD.OBJ
D:\PROJECTS\ROBOTARMVIS\DLLPROJECT\KINECTDLL\X64\RELEASE\ROBOTVISCLIENT.OBJ
D:\PROJECTS\ROBOTARMVIS\DLLPROJECT\KINECTDLL\X64\RELEASE\CLIENTCONNECTOR.OBJ
D:\PROJECTS\ROBOTARMVIS\DLLPROJECT\KINECTDLL\X64\RELEASE\ROBOTINFO.OBJ
D:\PROJECTS\ROBOTARMVIS\DLLPROJECT\KINECTDLL\X64\RELEASE\KINEMATICS.OBJ
D:\PROJECTS\ROBOTARMVIS\DLLPROJECT\KINECTDLL\X64\RELEASE\ARMSDK_MATH.OBJ
D:\PROJECTS\ROBOTARMVIS\DLLPROJECT\KINECTDLL\X64\RELEASE\JOINTDATA.OBJ
D:\PROJECTS\ROBOTARMVIS\DLLPROJECT\KINECTDLL\X64\RELEASE\VC110.PDB
D:\Projects\robotArmVis\ClientConnector.lib
D:\Projects\robotArmVis\ClientConnector.exp
D:\PROJECTS\ROBOTARMVIS\CLIENTCONNECTOR.DLL
D:\PROJECTS\ROBOTARMVIS\CLIENTCONNECTOR.PDB
D:\Projects\robotArmVis\DllProject\KinectDll\x64\Release\ARMSDK_Math.obj
D:\Projects\robotArmVis\DllProject\KinectDll\x64\Release\ClientConnector.obj
D:\Projects\robotArmVis\DllProject\KinectDll\x64\Release\JointData.obj
D:\Projects\robotArmVis\DllProject\KinectDll\x64\Release\Kinematics.obj
D:\Projects\robotArmVis\DllProject\KinectDll\x64\Release\RobotInfo.obj
D:\Projects\robotArmVis\DllProject\KinectDll\x64\Release\RobotVisClient.obj
D:\Projects\robotArmVis\DllProject\KinectDll\x64\Release\Thread.obj
D:\Projects\robotArmVis\DllProject\KinectDll\x64\Release\cl.command.1.tlog
D:\Projects\robotArmVis\DllProject\KinectDll\x64\Release\CL.read.1.tlog
D:\Projects\robotArmVis\DllProject\KinectDll\x64\Release\CL.write.1.tlog
D:\Projects\robotArmVis\DllProject\KinectDll\x64\Release\ClientConnector.write.1.tlog
D:\Projects\robotArmVis\DllProject\KinectDll\x64\Release\link-cvtres.read.1.tlog
D:\Projects\robotArmVis\DllProject\KinectDll\x64\Release\link-cvtres.write.1.tlog
D:\Projects\robotArmVis\DllProject\KinectDll\x64\Release\link-rc.read.1.tlog
D:\Projects\robotArmVis\DllProject\KinectDll\x64\Release\link-rc.write.1.tlog
D:\Projects\robotArmVis\DllProject\KinectDll\x64\Release\link.command.1.tlog
D:\Projects\robotArmVis\DllProject\KinectDll\x64\Release\link.read.1.tlog
D:\Projects\robotArmVis\DllProject\KinectDll\x64\Release\link.write.1.tlog
D:\Projects\robotArmVis\DllProject\KinectDll\x64\Release\vc110.pdb
D:\Projects\robotArmVis\DllProject\..\ClientConnector.pdb
D:\Projects\robotArmVis\DllProject\..\ClientConnector.dll
