빌드 시작: 2016-09-12 오전 11:54:54
     1>2 노드의 "D:\Users\Vision Demo\Documents\DeepGraspingDemoSystem\DeepGraspingSystem\DeepGraspingSystem\DeepGraspingSystem.vcxproj" 프로젝트(Build 대상)입니다.
     1>ClCompile:
         C:\Program Files (x86)\Microsoft Visual Studio 12.0\VC\bin\x86_amd64\CL.exe /c /Zi /nologo /W3 /WX- /sdl- /Od /Oi /GL /D WIN32 /D NDEBUG /D _CONSOLE /D _LIB /D _UNICODE /D UNICODE /D _AFXDLL /Gm- /EHsc /MD /GS /Gy /fp:precise /Zc:wchar_t /Zc:forScope /Fo"x64\Release\\" /Fd"x64\Release\vc120.pdb" /Gd /TP /errorReport:prompt main.cpp
         main.cpp
     1>D:\Users\Vision Demo\Documents\DeepGrasping\3rdparty\include\glog/logging.h(1158): warning C4251: 'google::LogMessage::LogStream::streambuf_' : class 'google::base_logging::LogStreamBuf'에서는 class 'google::LogMessage::LogStream'의 클라이언트에서 DLL 인터페이스를 사용하도록 지정해야 합니다.
                 D:\Users\Vision Demo\Documents\DeepGrasping\3rdparty\include\glog/logging.h(1088) : 'google::base_logging::LogStreamBuf' 선언을 참조하십시오.
     1>D:\Users\Vision Demo\Documents\DeepGrasping\3rdparty\include\google/protobuf/descriptor.h(1445): warning C4244: 'return' : '__int64'에서 'int'(으)로 변환하면서 데이터가 손실될 수 있습니다.
     1>D:\Users\Vision Demo\Documents\DeepGrasping\3rdparty\include\google/protobuf/descriptor.h(1447): warning C4244: 'return' : '__int64'에서 'int'(으)로 변환하면서 데이터가 손실될 수 있습니다.
     1>D:\Users\Vision Demo\Documents\DeepGrasping\3rdparty\include\google/protobuf/descriptor.h(1449): warning C4244: 'return' : '__int64'에서 'int'(으)로 변환하면서 데이터가 손실될 수 있습니다.
     1>D:\Users\Vision Demo\Documents\DeepGrasping\3rdparty\include\google/protobuf/descriptor.h(1455): warning C4244: 'return' : '__int64'에서 'int'(으)로 변환하면서 데이터가 손실될 수 있습니다.
     1>D:\Users\Vision Demo\Documents\DeepGrasping\3rdparty\include\google/protobuf/descriptor.h(1457): warning C4244: 'return' : '__int64'에서 'int'(으)로 변환하면서 데이터가 손실될 수 있습니다.
     1>D:\Users\Vision Demo\Documents\DeepGrasping\3rdparty\include\google/protobuf/descriptor.h(1463): warning C4244: 'return' : '__int64'에서 'int'(으)로 변환하면서 데이터가 손실될 수 있습니다.
     1>D:\Users\Vision Demo\Documents\DeepGrasping\3rdparty\include\google/protobuf/descriptor.h(1465): warning C4244: 'return' : '__int64'에서 'int'(으)로 변환하면서 데이터가 손실될 수 있습니다.
     1>D:\Users\Vision Demo\Documents\DeepGrasping\3rdparty\include\google/protobuf/descriptor.h(1470): warning C4244: 'return' : '__int64'에서 'int'(으)로 변환하면서 데이터가 손실될 수 있습니다.
     1>D:\Users\Vision Demo\Documents\DeepGrasping\3rdparty\include\google/protobuf/descriptor.h(1474): warning C4244: 'return' : '__int64'에서 'int'(으)로 변환하면서 데이터가 손실될 수 있습니다.
     1>D:\Users\Vision Demo\Documents\DeepGrasping\3rdparty\include\google/protobuf/descriptor.h(1478): warning C4244: 'return' : '__int64'에서 'int'(으)로 변환하면서 데이터가 손실될 수 있습니다.
     1>D:\Users\Vision Demo\Documents\DeepGrasping\3rdparty\include\google/protobuf/unknown_field_set.h(142): warning C4267: '인수' : 'size_t'에서 'int'(으)로 변환하면서 데이터가 손실될 수 있습니다.
     1>D:\Users\Vision Demo\Documents\DeepGrasping\3rdparty\include\google/protobuf/unknown_field_set.h(237): warning C4267: 'return' : 'size_t'에서 'int'(으)로 변환하면서 데이터가 손실될 수 있습니다.
     1>D:\Users\Vision Demo\Documents\DeepGrasping\3rdparty\include\google/protobuf/unknown_field_set.h(305): warning C4267: 'return' : 'size_t'에서 'int'(으)로 변환하면서 데이터가 손실될 수 있습니다.
     1>D:\Users\Vision Demo\Documents\DeepGrasping\include\caffe/util/io.hpp(23): warning C4996: 'strcpy': This function or variable may be unsafe. Consider using strcpy_s instead. To disable deprecation, use _CRT_SECURE_NO_WARNINGS. See online help for details.
                 C:\Program Files (x86)\Microsoft Visual Studio 12.0\VC\include\string.h(112) : 'strcpy' 선언을 참조하십시오.
     1>D:\Users\Vision Demo\Documents\DeepGrasping\include\caffe/util/io.hpp(36): warning C4996: 'strcpy': This function or variable may be unsafe. Consider using strcpy_s instead. To disable deprecation, use _CRT_SECURE_NO_WARNINGS. See online help for details.
                 C:\Program Files (x86)\Microsoft Visual Studio 12.0\VC\include\string.h(112) : 'strcpy' 선언을 참조하십시오.
     1>D:\Users\Vision Demo\Documents\DeepGrasping\3rdparty\include\opencv2/core/mat.hpp(1965): warning C4819: 현재 코드 페이지(949)에서 표시할 수 없는 문자가 파일에 들어 있습니다. 데이터가 손실되지 않게 하려면 해당 파일을 유니코드 형식으로 저장하십시오.
     1>D:\Users\Vision Demo\Documents\DeepGrasping\3rdparty\include\opencv2/core/persistence.hpp : warning C4819: 현재 코드 페이지(949)에서 표시할 수 없는 문자가 파일에 들어 있습니다. 데이터가 손실되지 않게 하려면 해당 파일을 유니코드 형식으로 저장하십시오.
     1>D:\Users\Vision Demo\Documents\DeepGrasping\3rdparty\include\opencv2/core/utility.hpp : warning C4819: 현재 코드 페이지(949)에서 표시할 수 없는 문자가 파일에 들어 있습니다. 데이터가 손실되지 않게 하려면 해당 파일을 유니코드 형식으로 저장하십시오.
     1>D:\Users\Vision Demo\Documents\DeepGrasping\include\caffe/loss_layers.hpp(16): warning C4305: '초기화 중' : 'double'에서 'const float'(으)로 잘립니다.
         _WIN32_WINNT not defined. Defaulting to _WIN32_WINNT_MAXVER (see WinSDKVer.h)
     1>main.cpp(33): warning C4996: 'getch': The POSIX name for this item is deprecated. Instead, use the ISO C++ conformant name: _getch. See online help for details.
                 C:\Program Files (x86)\Microsoft Visual Studio 12.0\VC\include\conio.h(131) : 'getch' 선언을 참조하십시오.
     1>main.cpp(89): warning C4996: 'getch': The POSIX name for this item is deprecated. Instead, use the ISO C++ conformant name: _getch. See online help for details.
                 C:\Program Files (x86)\Microsoft Visual Studio 12.0\VC\include\conio.h(131) : 'getch' 선언을 참조하십시오.
     1>main.cpp(111): warning C4996: 'getch': The POSIX name for this item is deprecated. Instead, use the ISO C++ conformant name: _getch. See online help for details.
                 C:\Program Files (x86)\Microsoft Visual Studio 12.0\VC\include\conio.h(131) : 'getch' 선언을 참조하십시오.
       Link:
         C:\Program Files (x86)\Microsoft Visual Studio 12.0\VC\bin\x86_amd64\link.exe /ERRORREPORT:PROMPT /OUT:"D:\Users\Vision Demo\Documents\DeepGraspingDemoSystem\DeepGraspingSystem\x64\Release\DeepGraspingSystem.exe" /INCREMENTAL:NO /NOLOGO caffelib.lib kernel32.lib user32.lib gdi32.lib winspool.lib shell32.lib ole32.lib oleaut32.lib uuid.lib comdlg32.lib advapi32.lib cudart.lib cublas.lib curand.lib libprotobuf.lib hdf5_tools.lib hdf5_hl_fortran.lib hdf5_fortran.lib hdf5_hl_f90cstub.lib hdf5_f90cstub.lib hdf5_cpp.lib hdf5_hl_cpp.lib hdf5_hl.lib hdf5.lib zlib.lib szip.lib opencv_world300.lib shlwapi.lib leveldb.lib cublas_device.lib cuda.lib libglog.lib lmdb.lib cudnn.lib libopenblas.dll.a libgflags.lib opencv_core2410.lib opencv_highgui2410.lib opencv_imgproc2410.lib kinect20.lib /MANIFEST /MANIFESTUAC:"level='asInvoker' uiAccess='false'" /manifest:embed /manifestinput:"C:\Program Files (x86)\Microsoft Visual Studio 12.0\VC\Include\Manifest\dpiaware.manifest" /DEBUG /PDB:"D:\Users\Vision Demo\Documents\DeepGraspingDemoSystem\DeepGraspingSystem\x64\Release\DeepGraspingSystem.pdb" /SUBSYSTEM:CONSOLE /OPT:REF /OPT:ICF /LTCG /TLBID:1 /DYNAMICBASE /NXCOMPAT /IMPLIB:"D:\Users\Vision Demo\Documents\DeepGraspingDemoSystem\DeepGraspingSystem\x64\Release\DeepGraspingSystem.lib" /MACHINE:X64 x64\Release\batch_norm_layer.obj
         x64\Release\depth_concat_layer.obj
         x64\Release\gmm_layer.obj
         x64\Release\inner_product_layer.obj
         x64\Release\spatial_layer.obj
         x64\Release\split_layer.obj
         x64\Release\layer_factory.obj
         x64\Release\ARMSDK_Math.obj
         x64\Release\JointData.obj
         x64\Release\Kinematics.obj
         x64\Release\MotionPlay.obj
         x64\Release\RobotInfo.obj
         x64\Release\TrajectoryGenerator.obj
         x64\Release\MotionTimer.obj
         x64\Release\BlobLabeling_pregrasp.obj
         x64\Release\ColorBasedTracker_pregrasp.obj
         x64\Release\KinectConnecter.obj
         x64\Release\KinectMangerThread.obj
         x64\Release\main.obj
         x64\Release\RobotVisServer.obj
         x64\Release\DynamixelPro.obj
         x64\Release\MX_controller.obj
         x64\Release\RobotArm.obj
         x64\Release\RobotManager.obj
         x64\Release\SimulatorControl.obj
         코드를 생성하고 있습니다.
     1>d:\users\vision demo\documents\deepgrasping\src\caffe\layer_factory.cpp(138): warning C4715: 'caffe::GetSoftmaxLayer<double>' : 모든 제어 경로에서 값을 반환하지는 않습니다.
     1>d:\users\vision demo\documents\deepgrasping\src\caffe\layer_factory.cpp(69): warning C4715: 'caffe::GetPoolingLayer<double>' : 모든 제어 경로에서 값을 반환하지는 않습니다.
     1>d:\users\vision demo\documents\deepgrasping\src\caffe\layer_factory.cpp(138): warning C4715: 'caffe::GetSoftmaxLayer<float>' : 모든 제어 경로에서 값을 반환하지는 않습니다.
     1>d:\users\vision demo\documents\deepgrasping\src\caffe\layer_factory.cpp(69): warning C4715: 'caffe::GetPoolingLayer<float>' : 모든 제어 경로에서 값을 반환하지는 않습니다.
     1>d:\users\vision demo\documents\deepgrasping\src\caffe\layer_factory.cpp(161): warning C4715: 'caffe::GetTanHLayer<double>' : 모든 제어 경로에서 값을 반환하지는 않습니다.
     1>d:\users\vision demo\documents\deepgrasping\src\caffe\layer_factory.cpp(115): warning C4715: 'caffe::GetSigmoidLayer<double>' : 모든 제어 경로에서 값을 반환하지는 않습니다.
     1>d:\users\vision demo\documents\deepgrasping\src\caffe\layer_factory.cpp(39): warning C4715: 'caffe::GetConvolutionLayer<double>' : 모든 제어 경로에서 값을 반환하지는 않습니다.
     1>d:\users\vision demo\documents\deepgrasping\src\caffe\layer_factory.cpp(161): warning C4715: 'caffe::GetTanHLayer<float>' : 모든 제어 경로에서 값을 반환하지는 않습니다.
     1>d:\users\vision demo\documents\deepgrasping\src\caffe\layer_factory.cpp(115): warning C4715: 'caffe::GetSigmoidLayer<float>' : 모든 제어 경로에서 값을 반환하지는 않습니다.
     1>d:\users\vision demo\documents\deepgrasping\src\caffe\layer_factory.cpp(92): warning C4715: 'caffe::GetReLULayer<double>' : 모든 제어 경로에서 값을 반환하지는 않습니다.
     1>d:\users\vision demo\documents\deepgrasping\src\caffe\layer_factory.cpp(92): warning C4715: 'caffe::GetReLULayer<float>' : 모든 제어 경로에서 값을 반환하지는 않습니다.
     1>d:\users\vision demo\documents\deepgrasping\src\caffe\layer_factory.cpp(39): warning C4715: 'caffe::GetConvolutionLayer<float>' : 모든 제어 경로에서 값을 반환하지는 않습니다.
     1>d:\users\vision demo\documents\deepgraspingdemosystem\deepgraspingsystem\deepgraspingsystem\robot\robotmanager.cpp(70): warning C4715: 'RobotManager::Initialize' : 모든 제어 경로에서 값을 반환하지는 않습니다.
         코드를 생성했습니다.
     1>libprotobuf.lib(coded_stream.obj) : warning LNK4099: 'vc120.pdb' PDB를 'libprotobuf.lib(coded_stream.obj)' 또는 'D:\Users\Vision Demo\Documents\DeepGraspingDemoSystem\DeepGraspingSystem\x64\Release\vc120.pdb'에서 찾을 수 없습니다. 디버그 정보가 없는 것처럼 개체를 링크합니다.
     1>libprotobuf.lib(common.obj) : warning LNK4099: 'vc120.pdb' PDB를 'libprotobuf.lib(common.obj)' 또는 'D:\Users\Vision Demo\Documents\DeepGraspingDemoSystem\DeepGraspingSystem\x64\Release\vc120.pdb'에서 찾을 수 없습니다. 디버그 정보가 없는 것처럼 개체를 링크합니다.
     1>libprotobuf.lib(descriptor.obj) : warning LNK4099: 'vc120.pdb' PDB를 'libprotobuf.lib(descriptor.obj)' 또는 'D:\Users\Vision Demo\Documents\DeepGraspingDemoSystem\DeepGraspingSystem\x64\Release\vc120.pdb'에서 찾을 수 없습니다. 디버그 정보가 없는 것처럼 개체를 링크합니다.
     1>libprotobuf.lib(descriptor.pb.obj) : warning LNK4099: 'vc120.pdb' PDB를 'libprotobuf.lib(descriptor.pb.obj)' 또는 'D:\Users\Vision Demo\Documents\DeepGraspingDemoSystem\DeepGraspingSystem\x64\Release\vc120.pdb'에서 찾을 수 없습니다. 디버그 정보가 없는 것처럼 개체를 링크합니다.
     1>libprotobuf.lib(descriptor_database.obj) : warning LNK4099: 'vc120.pdb' PDB를 'libprotobuf.lib(descriptor_database.obj)' 또는 'D:\Users\Vision Demo\Documents\DeepGraspingDemoSystem\DeepGraspingSystem\x64\Release\vc120.pdb'에서 찾을 수 없습니다. 디버그 정보가 없는 것처럼 개체를 링크합니다.
     1>libprotobuf.lib(dynamic_message.obj) : warning LNK4099: 'vc120.pdb' PDB를 'libprotobuf.lib(dynamic_message.obj)' 또는 'D:\Users\Vision Demo\Documents\DeepGraspingDemoSystem\DeepGraspingSystem\x64\Release\vc120.pdb'에서 찾을 수 없습니다. 디버그 정보가 없는 것처럼 개체를 링크합니다.
     1>libprotobuf.lib(extension_set.obj) : warning LNK4099: 'vc120.pdb' PDB를 'libprotobuf.lib(extension_set.obj)' 또는 'D:\Users\Vision Demo\Documents\DeepGraspingDemoSystem\DeepGraspingSystem\x64\Release\vc120.pdb'에서 찾을 수 없습니다. 디버그 정보가 없는 것처럼 개체를 링크합니다.
     1>libprotobuf.lib(extension_set_heavy.obj) : warning LNK4099: 'vc120.pdb' PDB를 'libprotobuf.lib(extension_set_heavy.obj)' 또는 'D:\Users\Vision Demo\Documents\DeepGraspingDemoSystem\DeepGraspingSystem\x64\Release\vc120.pdb'에서 찾을 수 없습니다. 디버그 정보가 없는 것처럼 개체를 링크합니다.
     1>libprotobuf.lib(generated_message_reflection.obj) : warning LNK4099: 'vc120.pdb' PDB를 'libprotobuf.lib(generated_message_reflection.obj)' 또는 'D:\Users\Vision Demo\Documents\DeepGraspingDemoSystem\DeepGraspingSystem\x64\Release\vc120.pdb'에서 찾을 수 없습니다. 디버그 정보가 없는 것처럼 개체를 링크합니다.
     1>libprotobuf.lib(generated_message_util.obj) : warning LNK4099: 'vc120.pdb' PDB를 'libprotobuf.lib(generated_message_util.obj)' 또는 'D:\Users\Vision Demo\Documents\DeepGraspingDemoSystem\DeepGraspingSystem\x64\Release\vc120.pdb'에서 찾을 수 없습니다. 디버그 정보가 없는 것처럼 개체를 링크합니다.
     1>libprotobuf.lib(message.obj) : warning LNK4099: 'vc120.pdb' PDB를 'libprotobuf.lib(message.obj)' 또는 'D:\Users\Vision Demo\Documents\DeepGraspingDemoSystem\DeepGraspingSystem\x64\Release\vc120.pdb'에서 찾을 수 없습니다. 디버그 정보가 없는 것처럼 개체를 링크합니다.
     1>libprotobuf.lib(message_lite.obj) : warning LNK4099: 'vc120.pdb' PDB를 'libprotobuf.lib(message_lite.obj)' 또는 'D:\Users\Vision Demo\Documents\DeepGraspingDemoSystem\DeepGraspingSystem\x64\Release\vc120.pdb'에서 찾을 수 없습니다. 디버그 정보가 없는 것처럼 개체를 링크합니다.
     1>libprotobuf.lib(once.obj) : warning LNK4099: 'vc120.pdb' PDB를 'libprotobuf.lib(once.obj)' 또는 'D:\Users\Vision Demo\Documents\DeepGraspingDemoSystem\DeepGraspingSystem\x64\Release\vc120.pdb'에서 찾을 수 없습니다. 디버그 정보가 없는 것처럼 개체를 링크합니다.
     1>libprotobuf.lib(atomicops_internals_x86_msvc.obj) : warning LNK4099: 'vc120.pdb' PDB를 'libprotobuf.lib(atomicops_internals_x86_msvc.obj)' 또는 'D:\Users\Vision Demo\Documents\DeepGraspingDemoSystem\DeepGraspingSystem\x64\Release\vc120.pdb'에서 찾을 수 없습니다. 디버그 정보가 없는 것처럼 개체를 링크합니다.
     1>libprotobuf.lib(reflection_ops.obj) : warning LNK4099: 'vc120.pdb' PDB를 'libprotobuf.lib(reflection_ops.obj)' 또는 'D:\Users\Vision Demo\Documents\DeepGraspingDemoSystem\DeepGraspingSystem\x64\Release\vc120.pdb'에서 찾을 수 없습니다. 디버그 정보가 없는 것처럼 개체를 링크합니다.
     1>libprotobuf.lib(repeated_field.obj) : warning LNK4099: 'vc120.pdb' PDB를 'libprotobuf.lib(repeated_field.obj)' 또는 'D:\Users\Vision Demo\Documents\DeepGraspingDemoSystem\DeepGraspingSystem\x64\Release\vc120.pdb'에서 찾을 수 없습니다. 디버그 정보가 없는 것처럼 개체를 링크합니다.
     1>libprotobuf.lib(structurally_valid.obj) : warning LNK4099: 'vc120.pdb' PDB를 'libprotobuf.lib(structurally_valid.obj)' 또는 'D:\Users\Vision Demo\Documents\DeepGraspingDemoSystem\DeepGraspingSystem\x64\Release\vc120.pdb'에서 찾을 수 없습니다. 디버그 정보가 없는 것처럼 개체를 링크합니다.
     1>libprotobuf.lib(strutil.obj) : warning LNK4099: 'vc120.pdb' PDB를 'libprotobuf.lib(strutil.obj)' 또는 'D:\Users\Vision Demo\Documents\DeepGraspingDemoSystem\DeepGraspingSystem\x64\Release\vc120.pdb'에서 찾을 수 없습니다. 디버그 정보가 없는 것처럼 개체를 링크합니다.
     1>libprotobuf.lib(substitute.obj) : warning LNK4099: 'vc120.pdb' PDB를 'libprotobuf.lib(substitute.obj)' 또는 'D:\Users\Vision Demo\Documents\DeepGraspingDemoSystem\DeepGraspingSystem\x64\Release\vc120.pdb'에서 찾을 수 없습니다. 디버그 정보가 없는 것처럼 개체를 링크합니다.
     1>libprotobuf.lib(text_format.obj) : warning LNK4099: 'vc120.pdb' PDB를 'libprotobuf.lib(text_format.obj)' 또는 'D:\Users\Vision Demo\Documents\DeepGraspingDemoSystem\DeepGraspingSystem\x64\Release\vc120.pdb'에서 찾을 수 없습니다. 디버그 정보가 없는 것처럼 개체를 링크합니다.
     1>libprotobuf.lib(tokenizer.obj) : warning LNK4099: 'vc120.pdb' PDB를 'libprotobuf.lib(tokenizer.obj)' 또는 'D:\Users\Vision Demo\Documents\DeepGraspingDemoSystem\DeepGraspingSystem\x64\Release\vc120.pdb'에서 찾을 수 없습니다. 디버그 정보가 없는 것처럼 개체를 링크합니다.
     1>libprotobuf.lib(unknown_field_set.obj) : warning LNK4099: 'vc120.pdb' PDB를 'libprotobuf.lib(unknown_field_set.obj)' 또는 'D:\Users\Vision Demo\Documents\DeepGraspingDemoSystem\DeepGraspingSystem\x64\Release\vc120.pdb'에서 찾을 수 없습니다. 디버그 정보가 없는 것처럼 개체를 링크합니다.
     1>libprotobuf.lib(wire_format.obj) : warning LNK4099: 'vc120.pdb' PDB를 'libprotobuf.lib(wire_format.obj)' 또는 'D:\Users\Vision Demo\Documents\DeepGraspingDemoSystem\DeepGraspingSystem\x64\Release\vc120.pdb'에서 찾을 수 없습니다. 디버그 정보가 없는 것처럼 개체를 링크합니다.
     1>libprotobuf.lib(wire_format_lite.obj) : warning LNK4099: 'vc120.pdb' PDB를 'libprotobuf.lib(wire_format_lite.obj)' 또는 'D:\Users\Vision Demo\Documents\DeepGraspingDemoSystem\DeepGraspingSystem\x64\Release\vc120.pdb'에서 찾을 수 없습니다. 디버그 정보가 없는 것처럼 개체를 링크합니다.
     1>libprotobuf.lib(zero_copy_stream.obj) : warning LNK4099: 'vc120.pdb' PDB를 'libprotobuf.lib(zero_copy_stream.obj)' 또는 'D:\Users\Vision Demo\Documents\DeepGraspingDemoSystem\DeepGraspingSystem\x64\Release\vc120.pdb'에서 찾을 수 없습니다. 디버그 정보가 없는 것처럼 개체를 링크합니다.
     1>libprotobuf.lib(zero_copy_stream_impl.obj) : warning LNK4099: 'vc120.pdb' PDB를 'libprotobuf.lib(zero_copy_stream_impl.obj)' 또는 'D:\Users\Vision Demo\Documents\DeepGraspingDemoSystem\DeepGraspingSystem\x64\Release\vc120.pdb'에서 찾을 수 없습니다. 디버그 정보가 없는 것처럼 개체를 링크합니다.
     1>libprotobuf.lib(zero_copy_stream_impl_lite.obj) : warning LNK4099: 'vc120.pdb' PDB를 'libprotobuf.lib(zero_copy_stream_impl_lite.obj)' 또는 'D:\Users\Vision Demo\Documents\DeepGraspingDemoSystem\DeepGraspingSystem\x64\Release\vc120.pdb'에서 찾을 수 없습니다. 디버그 정보가 없는 것처럼 개체를 링크합니다.
     1>libprotobuf.lib(stringprintf.obj) : warning LNK4099: 'vc120.pdb' PDB를 'libprotobuf.lib(stringprintf.obj)' 또는 'D:\Users\Vision Demo\Documents\DeepGraspingDemoSystem\DeepGraspingSystem\x64\Release\vc120.pdb'에서 찾을 수 없습니다. 디버그 정보가 없는 것처럼 개체를 링크합니다.
         DeepGraspingSystem.vcxproj -> D:\Users\Vision Demo\Documents\DeepGraspingDemoSystem\DeepGraspingSystem\x64\Release\DeepGraspingSystem.exe
     1>"D:\Users\Vision Demo\Documents\DeepGraspingDemoSystem\DeepGraspingSystem\DeepGraspingSystem\DeepGraspingSystem.vcxproj" 프로젝트를 빌드했습니다(Build 대상).

빌드했습니다.

경과 시간: 00:00:17.24
